app/build/outputs/logs/manifest-merger-debug-report.txt
-- Merging decision tree log ---
manifest
ADDED from src/main/AndroidManifest.xml:2:1-150:12
	package
		ADDED from src/main/AndroidManifest.xml:3:5-32
		INJECTED from src/main/AndroidManifest.xml
		INJECTED from src/main/AndroidManifest.xml
	android:versionName
		ADDED from src/main/AndroidManifest.xml:5:5-30
		INJECTED from src/main/AndroidManifest.xml
		INJECTED from src/main/AndroidManifest.xml
	android:versionCode
		ADDED from src/main/AndroidManifest.xml:4:5-28
		INJECTED from src/main/AndroidManifest.xml
		INJECTED from src/main/AndroidManifest.xml
	xmlns:android
		ADDED from src/main/AndroidManifest.xml:2:11-69
uses-sdk
ADDED from src/main/AndroidManifest.xml:7:5-9:41
MERGED from [com.android.support:support-v4:23.1.1] AndroidManifest.xml:20:5-43
MERGED from [com.code-troopers.betterpickers:library:2.5.1] AndroidManifest.xml:8:5-10:41
MERGED from [com.android.support:appcompat-v7:23.1.1] AndroidManifest.xml:20:5-43
MERGED from [com.android.support:support-v4:23.1.1] AndroidManifest.xml:20:5-43
MERGED from [org.jraf:android-switch-backport:2.0.1] AndroidManifest.xml:30:5-32:41
MERGED from [com.android.support:appcompat-v7:23.1.1] AndroidManifest.xml:20:5-43
MERGED from [com.android.support:support-v4:23.1.1] AndroidManifest.xml:20:5-43
	android:targetSdkVersion
		ADDED from src/main/AndroidManifest.xml:9:9-38
		INJECTED from src/main/AndroidManifest.xml
		INJECTED from src/main/AndroidManifest.xml
	android:minSdkVersion
		ADDED from src/main/AndroidManifest.xml:8:9-35
		INJECTED from src/main/AndroidManifest.xml
		INJECTED from src/main/AndroidManifest.xml
uses-permission#android.permission.INTERNET
ADDED from src/main/AndroidManifest.xml:11:5-67
	android:name
		ADDED from src/main/AndroidManifest.xml:11:22-64
uses-permission#android.permission.VIBRATE
ADDED from src/main/AndroidManifest.xml:12:5-66
	android:name
		ADDED from src/main/AndroidManifest.xml:12:22-63
application
ADDED from src/main/AndroidManifest.xml:14:5-148:19
MERGED from [com.android.support:support-v4:23.1.1] AndroidManifest.xml:22:5-20
MERGED from [com.android.support:appcompat-v7:23.1.1] AndroidManifest.xml:22:5-20
MERGED from [com.android.support:support-v4:23.1.1] AndroidManifest.xml:22:5-20
MERGED from [org.jraf:android-switch-backport:2.0.1] AndroidManifest.xml:34:5-20
MERGED from [com.android.support:appcompat-v7:23.1.1] AndroidManifest.xml:22:5-20
MERGED from [com.android.support:support-v4:23.1.1] AndroidManifest.xml:22:5-20
	android:label
		ADDED from src/main/AndroidManifest.xml:17:9-41
	android:allowBackup
		ADDED from src/main/AndroidManifest.xml:15:9-35
	android:icon
		ADDED from src/main/AndroidManifest.xml:16:9-44
activity#com.example.plaan.FirstPage
ADDED from src/main/AndroidManifest.xml:18:9-26:20
	android:label
		ADDED from src/main/AndroidManifest.xml:20:13-45
	android:name
		ADDED from src/main/AndroidManifest.xml:19:13-55
intent-filter#android.intent.action.MAIN+android.intent.category.LAUNCHER
ADDED from src/main/AndroidManifest.xml:21:13-25:29
action#android.intent.action.MAIN
ADDED from src/main/AndroidManifest.xml:22:17-69
	android:name
		ADDED from src/main/AndroidManifest.xml:22:25-66
category#android.intent.category.LAUNCHER
ADDED from src/main/AndroidManifest.xml:24:17-77
	android:name
		ADDED from src/main/AndroidManifest.xml:24:27-74
activity#com.example.plaan.WtdwsPage
ADDED from src/main/AndroidManifest.xml:27:9-35:20
	android:label
		ADDED from src/main/AndroidManifest.xml:29:13-45
	android:name
		ADDED from src/main/AndroidManifest.xml:28:13-55
intent-filter#android.intent.category.DEFAULT+com.example.plaan.WTDWSPAGE
ADDED from src/main/AndroidManifest.xml:30:13-34:29
action#com.example.plaan.WTDWSPAGE
ADDED from src/main/AndroidManifest.xml:31:17-70
	android:name
		ADDED from src/main/AndroidManifest.xml:31:25-67
category#android.intent.category.DEFAULT
ADDED from src/main/AndroidManifest.xml:33:17-76
	android:name
		ADDED from src/main/AndroidManifest.xml:33:27-73
activity#com.example.plaan.TodoPage
ADDED from src/main/AndroidManifest.xml:36:9-44:20
	android:label
		ADDED from src/main/AndroidManifest.xml:38:13-45
	android:name
		ADDED from src/main/AndroidManifest.xml:37:13-37
intent-filter#android.intent.category.DEFAULT+com.example.plaan.TODOPAGE
ADDED from src/main/AndroidManifest.xml:39:13-43:29
action#com.example.plaan.TODOPAGE
ADDED from src/main/AndroidManifest.xml:40:17-69
	android:name
		ADDED from src/main/AndroidManifest.xml:40:25-66
activity#com.example.plaan.MinutesLeftPage
ADDED from src/main/AndroidManifest.xml:45:9-53:20
	android:label
		ADDED from src/main/AndroidManifest.xml:47:13-45
	android:name
		ADDED from src/main/AndroidManifest.xml:46:13-44
intent-filter#android.intent.category.DEFAULT+com.example.plaan.MINUTESLEFTPAGE
ADDED from src/main/AndroidManifest.xml:48:13-52:29
action#com.example.plaan.MINUTESLEFTPAGE
ADDED from src/main/AndroidManifest.xml:49:17-76
	android:name
		ADDED from src/main/AndroidManifest.xml:49:25-73
activity#com.example.plaan.SetTimePage
ADDED from src/main/AndroidManifest.xml:54:9-62:20
	android:label
		ADDED from src/main/AndroidManifest.xml:56:13-45
	android:name
		ADDED from src/main/AndroidManifest.xml:55:13-40
intent-filter#android.intent.category.DEFAULT+com.example.plaan.SETTIMEPAGE
ADDED from src/main/AndroidManifest.xml:57:13-61:29
action#com.example.plaan.SETTIMEPAGE
ADDED from src/main/AndroidManifest.xml:58:17-72
	android:name
		ADDED from src/main/AndroidManifest.xml:58:25-69
activity#com.example.plaan.WtdwsClock
ADDED from src/main/AndroidManifest.xml:63:9-72:20
	android:label
		ADDED from src/main/AndroidManifest.xml:65:13-45
	android:theme
		ADDED from src/main/AndroidManifest.xml:66:13-61
	android:name
		ADDED from src/main/AndroidManifest.xml:64:13-39
intent-filter#android.intent.category.DEFAULT+com.example.plaan.WTDWSCLOCK
ADDED from src/main/AndroidManifest.xml:67:13-71:29
action#com.example.plaan.WTDWSCLOCK
ADDED from src/main/AndroidManifest.xml:68:17-71
	android:name
		ADDED from src/main/AndroidManifest.xml:68:25-68
activity#com.example.plaan.TimeTypeSpinner
ADDED from src/main/AndroidManifest.xml:73:9-81:20
	android:label
		ADDED from src/main/AndroidManifest.xml:75:13-45
	android:name
		ADDED from src/main/AndroidManifest.xml:74:13-44
intent-filter#android.intent.category.DEFAULT+com.example.plaan.SCA
ADDED from src/main/AndroidManifest.xml:76:13-80:29
action#com.example.plaan.SCA
ADDED from src/main/AndroidManifest.xml:77:17-64
	android:name
		ADDED from src/main/AndroidManifest.xml:77:25-61
activity#com.example.plaan.MainActivityTransition
ADDED from src/main/AndroidManifest.xml:82:9-90:20
	android:label
		ADDED from src/main/AndroidManifest.xml:84:13-45
	android:name
		ADDED from src/main/AndroidManifest.xml:83:13-51
intent-filter#android.intent.category.DEFAULT+com.example.plaan.MAT
ADDED from src/main/AndroidManifest.xml:85:13-89:29
action#com.example.plaan.MAT
ADDED from src/main/AndroidManifest.xml:86:17-64
	android:name
		ADDED from src/main/AndroidManifest.xml:86:25-61
activity#com.example.plaan.NextActivityTransition
ADDED from src/main/AndroidManifest.xml:91:9-99:20
	android:label
		ADDED from src/main/AndroidManifest.xml:93:13-45
	android:name
		ADDED from src/main/AndroidManifest.xml:92:13-51
intent-filter#android.intent.category.DEFAULT+com.example.plaan.NAT
ADDED from src/main/AndroidManifest.xml:94:13-98:29
action#com.example.plaan.NAT
ADDED from src/main/AndroidManifest.xml:95:17-64
	android:name
		ADDED from src/main/AndroidManifest.xml:95:25-61
activity#com.example.plaan.SummaryPage
ADDED from src/main/AndroidManifest.xml:100:9-108:20
	android:label
		ADDED from src/main/AndroidManifest.xml:102:13-45
	android:name
		ADDED from src/main/AndroidManifest.xml:101:13-40
intent-filter#android.intent.category.DEFAULT+com.example.plaan.SUMMARYPAGE
ADDED from src/main/AndroidManifest.xml:103:13-107:29
action#com.example.plaan.SUMMARYPAGE
ADDED from src/main/AndroidManifest.xml:104:17-72
	android:name
		ADDED from src/main/AndroidManifest.xml:104:25-69
activity#com.example.plaan.ActivityCountDownPage
ADDED from src/main/AndroidManifest.xml:109:9-118:20
	android:label
		ADDED from src/main/AndroidManifest.xml:111:13-45
	android:launchMode
		ADDED from src/main/AndroidManifest.xml:112:13-43
	android:name
		ADDED from src/main/AndroidManifest.xml:110:13-50
intent-filter#android.intent.category.DEFAULT+com.example.plaan.ACDP
ADDED from src/main/AndroidManifest.xml:113:13-117:29
action#com.example.plaan.ACDP
ADDED from src/main/AndroidManifest.xml:114:17-65
	android:name
		ADDED from src/main/AndroidManifest.xml:114:25-62
activity#com.example.plaan.ScrollingUI
ADDED from src/main/AndroidManifest.xml:119:9-129:20
	android:label
		ADDED from src/main/AndroidManifest.xml:121:13-45
	android:launchMode
		ADDED from src/main/AndroidManifest.xml:122:13-43
	android:windowSoftInputMode
		ADDED from src/main/AndroidManifest.xml:123:13-52
	android:name
		ADDED from src/main/AndroidManifest.xml:120:13-40
intent-filter#.ScrollingUI+android.intent.category.DEFAULT
ADDED from src/main/AndroidManifest.xml:124:13-128:29
action#.ScrollingUI
ADDED from src/main/AndroidManifest.xml:125:17-55
	android:name
		ADDED from src/main/AndroidManifest.xml:125:25-52
activity#com.example.plaan.Transition_animation_example
ADDED from src/main/AndroidManifest.xml:130:9-138:20
	android:label
		ADDED from src/main/AndroidManifest.xml:132:13-45
	android:name
		ADDED from src/main/AndroidManifest.xml:131:13-57
intent-filter#.tae+android.intent.category.DEFAULT
ADDED from src/main/AndroidManifest.xml:133:13-137:29
action#.tae
ADDED from src/main/AndroidManifest.xml:134:17-47
	android:name
		ADDED from src/main/AndroidManifest.xml:134:25-44
activity#com.example.plaan.CalendarActivity
ADDED from src/main/AndroidManifest.xml:139:9-147:20
	android:label
		ADDED from src/main/AndroidManifest.xml:141:13-45
	android:name
		ADDED from src/main/AndroidManifest.xml:140:13-62
intent-filter#.CalendarActivity+android.intent.category.DEFAULT
ADDED from src/main/AndroidManifest.xml:142:13-146:29
action#.CalendarActivity
ADDED from src/main/AndroidManifest.xml:143:17-60
	android:name
		ADDED from src/main/AndroidManifest.xml:143:25-57